# JRE version: Java(TM) SE Runtime Environment (8.0_291-b10) (build 1.8.0_291-b10)
# Java VM: Java HotSpot(TM) 64-Bit Server VM (25.291-b10 mixed mode windows-amd64 compressed oops)
Heap:
 PSYoungGen      total 120320K, used 93917K [0x00000000d5580000, 0x00000000e1d00000, 0x0000000100000000)
  eden space 106496K, 88% used [0x00000000d5580000,0x00000000db1377e8,0x00000000dbd80000)
  from space 13824K, 0% used [0x00000000dbd80000,0x00000000dbd80000,0x00000000dcb00000)
  to   space 13312K, 0% used [0x00000000e1000000,0x00000000e1000000,0x00000000e1d00000)
 ParOldGen       total 94720K, used 16204K [0x0000000080000000, 0x0000000085c80000, 0x00000000d5580000)
  object space 94720K, 17% used [0x0000000080000000,0x0000000080fd31e8,0x0000000085c80000)
 Metaspace       used 40530K, capacity 42240K, committed 42368K, reserved 1085440K
  class space    used 5601K, capacity 5962K, committed 6016K, reserved 1048576K
GC Heap History (10 events):
Event: 2.255 GC heap before
{Heap before GC invocations=5 (full 1):
 PSYoungGen      total 75776K, used 8431K [0x00000000d5580000, 0x00000000de980000, 0x0000000100000000)
  eden space 65024K, 0% used [0x00000000d5580000,0x00000000d5580000,0x00000000d9500000)
  from space 10752K, 78% used [0x00000000d9f80000,0x00000000da7bbfb8,0x00000000daa00000)
  to   space 10752K, 0% used [0x00000000d9500000,0x00000000d9500000,0x00000000d9f80000)
 ParOldGen       total 173568K, used 1040K [0x0000000080000000, 0x000000008a980000, 0x00000000d5580000)
  object space 173568K, 0% used [0x0000000080000000,0x00000000801040c0,0x000000008a980000)
 Metaspace       used 20291K, capacity 21110K, committed 21296K, reserved 1067008K
  class space    used 2964K, capacity 3169K, committed 3200K, reserved 1048576K
Event: 2.272 GC heap after
Heap after GC invocations=5 (full 1):
 PSYoungGen      total 75776K, used 0K [0x00000000d5580000, 0x00000000de980000, 0x0000000100000000)
  eden space 65024K, 0% used [0x00000000d5580000,0x00000000d5580000,0x00000000d9500000)
  from space 10752K, 0% used [0x00000000d9f80000,0x00000000d9f80000,0x00000000daa00000)
  to   space 10752K, 0% used [0x00000000d9500000,0x00000000d9500000,0x00000000d9f80000)
 ParOldGen       total 94720K, used 8204K [0x0000000080000000, 0x0000000085c80000, 0x00000000d5580000)
  object space 94720K, 8% used [0x0000000080000000,0x0000000080803058,0x0000000085c80000)
 Metaspace       used 20291K, capacity 21110K, committed 21296K, reserved 1067008K
  class space    used 2964K, capacity 3169K, committed 3200K, reserved 1048576K
}
Event: 2.616 GC heap before
{Heap before GC invocations=6 (full 1):
 PSYoungGen      total 75776K, used 65024K [0x00000000d5580000, 0x00000000de980000, 0x0000000100000000)
  eden space 65024K, 100% used [0x00000000d5580000,0x00000000d9500000,0x00000000d9500000)
  from space 10752K, 0% used [0x00000000d9f80000,0x00000000d9f80000,0x00000000daa00000)
  to   space 10752K, 0% used [0x00000000d9500000,0x00000000d9500000,0x00000000d9f80000)
 ParOldGen       total 94720K, used 8204K [0x0000000080000000, 0x0000000085c80000, 0x00000000d5580000)
  object space 94720K, 8% used [0x0000000080000000,0x0000000080803058,0x0000000085c80000)
 Metaspace       used 24001K, capacity 25086K, committed 25216K, reserved 1071104K
  class space    used 3588K, capacity 3883K, committed 3968K, reserved 1048576K
Event: 2.618 GC heap after
Heap after GC invocations=6 (full 1):
 PSYoungGen      total 75776K, used 5608K [0x00000000d5580000, 0x00000000dd780000, 0x0000000100000000)
  eden space 65024K, 0% used [0x00000000d5580000,0x00000000d5580000,0x00000000d9500000)
  from space 10752K, 52% used [0x00000000d9500000,0x00000000d9a7a030,0x00000000d9f80000)
  to   space 12800K, 0% used [0x00000000dcb00000,0x00000000dcb00000,0x00000000dd780000)
 ParOldGen       total 94720K, used 8212K [0x0000000080000000, 0x0000000085c80000, 0x00000000d5580000)
  object space 94720K, 8% used [0x0000000080000000,0x0000000080805058,0x0000000085c80000)
 Metaspace       used 24001K, capacity 25086K, committed 25216K, reserved 1071104K
  class space    used 3588K, capacity 3883K, committed 3968K, reserved 1048576K
}
Event: 3.053 GC heap before
{Heap before GC invocations=7 (full 1):
 PSYoungGen      total 75776K, used 70632K [0x00000000d5580000, 0x00000000dd780000, 0x0000000100000000)
  eden space 65024K, 100% used [0x00000000d5580000,0x00000000d9500000,0x00000000d9500000)
  from space 10752K, 52% used [0x00000000d9500000,0x00000000d9a7a030,0x00000000d9f80000)
  to   space 12800K, 0% used [0x00000000dcb00000,0x00000000dcb00000,0x00000000dd780000)
 ParOldGen       total 94720K, used 8212K [0x0000000080000000, 0x0000000085c80000, 0x00000000d5580000)
  object space 94720K, 8% used [0x0000000080000000,0x0000000080805058,0x0000000085c80000)
 Metaspace       used 32588K, capacity 33748K, committed 34176K, reserved 1079296K
  class space    used 4584K, capacity 4873K, committed 4992K, reserved 1048576K
Event: 3.058 GC heap after
Heap after GC invocations=7 (full 1):
 PSYoungGen      total 119296K, used 10735K [0x00000000d5580000, 0x00000000dd900000, 0x0000000100000000)
  eden space 106496K, 0% used [0x00000000d5580000,0x00000000d5580000,0x00000000dbd80000)
  from space 12800K, 83% used [0x00000000dcb00000,0x00000000dd57bfb0,0x00000000dd780000)
  to   space 13824K, 0% used [0x00000000dbd80000,0x00000000dbd80000,0x00000000dcb00000)
 ParOldGen       total 94720K, used 8220K [0x0000000080000000, 0x0000000085c80000, 0x00000000d5580000)
  object space 94720K, 8% used [0x0000000080000000,0x0000000080807058,0x0000000085c80000)
 Metaspace       used 32588K, capacity 33748K, committed 34176K, reserved 1079296K
  class space    used 4584K, capacity 4873K, committed 4992K, reserved 1048576K
}
Event: 3.296 GC heap before
{Heap before GC invocations=8 (full 1):
 PSYoungGen      total 119296K, used 45723K [0x00000000d5580000, 0x00000000dd900000, 0x0000000100000000)
  eden space 106496K, 32% used [0x00000000d5580000,0x00000000d77aaef8,0x00000000dbd80000)
  from space 12800K, 83% used [0x00000000dcb00000,0x00000000dd57bfb0,0x00000000dd780000)
  to   space 13824K, 0% used [0x00000000dbd80000,0x00000000dbd80000,0x00000000dcb00000)
 ParOldGen       total 94720K, used 8220K [0x0000000080000000, 0x0000000085c80000, 0x00000000d5580000)
  object space 94720K, 8% used [0x0000000080000000,0x0000000080807058,0x0000000085c80000)
 Metaspace       used 34051K, capacity 35400K, committed 35496K, reserved 1079296K
  class space    used 4787K, capacity 5105K, committed 5120K, reserved 1048576K
Event: 3.301 GC heap after
Heap after GC invocations=8 (full 1):
 PSYoungGen      total 120320K, used 9232K [0x00000000d5580000, 0x00000000e1d00000, 0x0000000100000000)
  eden space 106496K, 0% used [0x00000000d5580000,0x00000000d5580000,0x00000000dbd80000)
  from space 13824K, 66% used [0x00000000dbd80000,0x00000000dc684290,0x00000000dcb00000)
  to   space 13312K, 0% used [0x00000000e1000000,0x00000000e1000000,0x00000000e1d00000)
 ParOldGen       total 94720K, used 8228K [0x0000000080000000, 0x0000000085c80000, 0x00000000d5580000)
  object space 94720K, 8% used [0x0000000080000000,0x0000000080809058,0x0000000085c80000)
 Metaspace       used 34051K, capacity 35400K, committed 35496K, reserved 1079296K
  class space    used 4787K, capacity 5105K, committed 5120K, reserved 1048576K
}
Event: 3.301 GC heap before
{Heap before GC invocations=9 (full 2):
 PSYoungGen      total 120320K, used 9232K [0x00000000d5580000, 0x00000000e1d00000, 0x0000000100000000)
  eden space 106496K, 0% used [0x00000000d5580000,0x00000000d5580000,0x00000000dbd80000)
  from space 13824K, 66% used [0x00000000dbd80000,0x00000000dc684290,0x00000000dcb00000)
  to   space 13312K, 0% used [0x00000000e1000000,0x00000000e1000000,0x00000000e1d00000)
 ParOldGen       total 94720K, used 8228K [0x0000000080000000, 0x0000000085c80000, 0x00000000d5580000)
  object space 94720K, 8% used [0x0000000080000000,0x0000000080809058,0x0000000085c80000)
 Metaspace       used 34051K, capacity 35400K, committed 35496K, reserved 1079296K
  class space    used 4787K, capacity 5105K, committed 5120K, reserved 1048576K
Event: 3.328 GC heap after
Heap after GC invocations=9 (full 2):
 PSYoungGen      total 120320K, used 0K [0x00000000d5580000, 0x00000000e1d00000, 0x0000000100000000)
  eden space 106496K, 0% used [0x00000000d5580000,0x00000000d5580000,0x00000000dbd80000)
  from space 13824K, 0% used [0x00000000dbd80000,0x00000000dbd80000,0x00000000dcb00000)
  to   space 13312K, 0% used [0x00000000e1000000,0x00000000e1000000,0x00000000e1d00000)
 ParOldGen       total 94720K, used 16204K [0x0000000080000000, 0x0000000085c80000, 0x00000000d5580000)
  object space 94720K, 17% used [0x0000000080000000,0x0000000080fd31e8,0x0000000085c80000)
 Metaspace       used 34051K, capacity 35400K, committed 35496K, reserved 1079296K
  class space    used 4787K, capacity 5105K, committed 5120K, reserved 1048576K
}

